0 info it worked if it ends with ok
1 verbose cli [ '/usr/bin/node', '/usr/bin/npm', 'install', '-', 'g', 'bower' ]
2 info using npm@1.4.28
3 info using node@v0.10.37
4 verbose node symlink /usr/bin/node
5 verbose cache add [ '-', null ]
6 verbose cache add name=undefined spec="-" args=["-",null]
7 verbose parsed url { protocol: null,
7 verbose parsed url   slashes: null,
7 verbose parsed url   auth: null,
7 verbose parsed url   host: null,
7 verbose parsed url   port: null,
7 verbose parsed url   hostname: null,
7 verbose parsed url   hash: null,
7 verbose parsed url   search: null,
7 verbose parsed url   query: null,
7 verbose parsed url   pathname: '-',
7 verbose parsed url   path: '-',
7 verbose parsed url   href: '-' }
8 verbose cache add [ 'g', null ]
9 verbose cache add name=undefined spec="g" args=["g",null]
10 verbose parsed url { protocol: null,
10 verbose parsed url   slashes: null,
10 verbose parsed url   auth: null,
10 verbose parsed url   host: null,
10 verbose parsed url   port: null,
10 verbose parsed url   hostname: null,
10 verbose parsed url   hash: null,
10 verbose parsed url   search: null,
10 verbose parsed url   query: null,
10 verbose parsed url   pathname: 'g',
10 verbose parsed url   path: 'g',
10 verbose parsed url   href: 'g' }
11 verbose cache add [ 'bower', null ]
12 verbose cache add name=undefined spec="bower" args=["bower",null]
13 verbose parsed url { protocol: null,
13 verbose parsed url   slashes: null,
13 verbose parsed url   auth: null,
13 verbose parsed url   host: null,
13 verbose parsed url   port: null,
13 verbose parsed url   hostname: null,
13 verbose parsed url   hash: null,
13 verbose parsed url   search: null,
13 verbose parsed url   query: null,
13 verbose parsed url   pathname: 'bower',
13 verbose parsed url   path: 'bower',
13 verbose parsed url   href: 'bower' }
14 silly lockFile 3bc15c8a- -
15 verbose lock - /home/jerome/.npm/3bc15c8a-.lock
16 silly lockFile 54fd1711-g g
17 verbose lock g /home/jerome/.npm/54fd1711-g.lock
18 silly lockFile 206e3ce5-bower bower
19 verbose lock bower /home/jerome/.npm/206e3ce5-bower.lock
20 silly lockFile 3bc15c8a- -
21 silly lockFile 3bc15c8a- -
22 silly lockFile 54fd1711-g g
23 silly lockFile 54fd1711-g g
24 silly lockFile 206e3ce5-bower bower
25 silly lockFile 206e3ce5-bower bower
26 verbose addNamed [ '-', '' ]
27 verbose addNamed [ null, '*' ]
28 silly lockFile c75fe0d4- -@
29 verbose lock -@ /home/jerome/.npm/c75fe0d4-.lock
30 verbose addNamed [ 'g', '' ]
31 verbose addNamed [ null, '*' ]
32 silly lockFile 8b047e1f-g g@
33 verbose lock g@ /home/jerome/.npm/8b047e1f-g.lock
34 verbose addNamed [ 'bower', '' ]
35 verbose addNamed [ null, '*' ]
36 silly lockFile 1240aab1-bower bower@
37 verbose lock bower@ /home/jerome/.npm/1240aab1-bower.lock
38 silly addNameRange { name: '-', range: '*', hasData: false }
39 silly addNameRange { name: 'g', range: '*', hasData: false }
40 silly addNameRange { name: 'bower', range: '*', hasData: false }
41 verbose request where is /-
42 verbose request registry https://registry.npmjs.org/
43 verbose request id 6d0dacb1ed35b0b8
44 verbose url raw /-
45 verbose url resolving [ 'https://registry.npmjs.org/', './-' ]
46 verbose url resolved https://registry.npmjs.org/-
47 verbose request where is https://registry.npmjs.org/-
48 info trying registry request attempt 1 at 22:45:40
49 http GET https://registry.npmjs.org/-
50 verbose request where is /g
51 verbose request registry https://registry.npmjs.org/
52 verbose url raw /g
53 verbose url resolving [ 'https://registry.npmjs.org/', './g' ]
54 verbose url resolved https://registry.npmjs.org/g
55 verbose request where is https://registry.npmjs.org/g
56 info trying registry request attempt 1 at 22:45:40
57 verbose etag "8AYIUDSUHLGXZT7X52XKA2O0S"
58 http GET https://registry.npmjs.org/g
59 verbose request where is /bower
60 verbose request registry https://registry.npmjs.org/
61 verbose url raw /bower
62 verbose url resolving [ 'https://registry.npmjs.org/', './bower' ]
63 verbose url resolved https://registry.npmjs.org/bower
64 verbose request where is https://registry.npmjs.org/bower
65 info trying registry request attempt 1 at 22:45:40
66 verbose etag "KM9SSBHSCW7E4F0YW0VTTX76"
67 http GET https://registry.npmjs.org/bower
68 http 304 https://registry.npmjs.org/bower
69 silly registry.get cb [ 304,
69 silly registry.get   { date: 'Wed, 15 Apr 2015 03:45:40 GMT',
69 silly registry.get     server: 'Apache',
69 silly registry.get     via: '1.1 varnish',
69 silly registry.get     'last-modified': 'Wed, 15 Apr 2015 03:45:26 GMT',
69 silly registry.get     'cache-control': 'max-age=60',
69 silly registry.get     etag: '"KM9SSBHSCW7E4F0YW0VTTX76"',
69 silly registry.get     age: '55',
69 silly registry.get     'x-served-by': 'cache-jfk1031-JFK',
69 silly registry.get     'x-cache': 'HIT',
69 silly registry.get     'x-cache-hits': '2',
69 silly registry.get     'x-timer': 'S1429069540.682251,VS0,VE0',
69 silly registry.get     vary: 'Accept',
69 silly registry.get     'content-length': '0',
69 silly registry.get     'keep-alive': 'timeout=10, max=50',
69 silly registry.get     connection: 'Keep-Alive' } ]
70 verbose etag https://registry.npmjs.org/bower from cache
71 http 404 https://registry.npmjs.org/-
72 silly registry.get cb [ 404,
72 silly registry.get   { date: 'Wed, 15 Apr 2015 03:45:40 GMT',
72 silly registry.get     server: 'Apache',
72 silly registry.get     'content-type': 'application/json',
72 silly registry.get     'cache-control': 'max-age=0',
72 silly registry.get     'content-length': '57',
72 silly registry.get     'accept-ranges': 'bytes',
72 silly registry.get     via: '1.1 varnish',
72 silly registry.get     age: '0',
72 silly registry.get     'x-served-by': 'cache-jfk1031-JFK',
72 silly registry.get     'x-cache': 'MISS',
72 silly registry.get     'x-cache-hits': '0',
72 silly registry.get     'x-timer': 'S1429069540.685742,VS0,VE8',
72 silly registry.get     'keep-alive': 'timeout=10, max=50',
72 silly registry.get     connection: 'Keep-Alive' } ]
73 http 304 https://registry.npmjs.org/g
74 silly registry.get cb [ 304,
74 silly registry.get   { date: 'Wed, 15 Apr 2015 03:45:40 GMT',
74 silly registry.get     server: 'Apache',
74 silly registry.get     via: '1.1 varnish',
74 silly registry.get     'last-modified': 'Wed, 15 Apr 2015 03:45:40 GMT',
74 silly registry.get     'cache-control': 'max-age=60',
74 silly registry.get     etag: '"8AYIUDSUHLGXZT7X52XKA2O0S"',
74 silly registry.get     age: '0',
74 silly registry.get     'x-served-by': 'cache-jfk1030-JFK',
74 silly registry.get     'x-cache': 'MISS',
74 silly registry.get     'x-cache-hits': '0',
74 silly registry.get     'x-timer': 'S1429069540.694692,VS0,VE23',
74 silly registry.get     vary: 'Accept',
74 silly registry.get     'content-length': '0',
74 silly registry.get     'keep-alive': 'timeout=10, max=50',
74 silly registry.get     connection: 'Keep-Alive' } ]
75 verbose etag https://registry.npmjs.org/g from cache
76 silly addNameRange number 2 { name: 'bower', range: '*', hasData: true }
77 silly addNameRange versions [ 'bower',
77 silly addNameRange   [ '0.1.0',
77 silly addNameRange     '0.1.2',
77 silly addNameRange     '0.1.3',
77 silly addNameRange     '0.2.0',
77 silly addNameRange     '0.3.0',
77 silly addNameRange     '0.3.1',
77 silly addNameRange     '0.3.2',
77 silly addNameRange     '0.4.0',
77 silly addNameRange     '0.5.0',
77 silly addNameRange     '0.5.1',
77 silly addNameRange     '0.6.0',
77 silly addNameRange     '0.6.1',
77 silly addNameRange     '0.6.2',
77 silly addNameRange     '0.6.3',
77 silly addNameRange     '0.6.4',
77 silly addNameRange     '0.6.5',
77 silly addNameRange     '0.6.6',
77 silly addNameRange     '0.6.7',
77 silly addNameRange     '0.6.8',
77 silly addNameRange     '0.7.0',
77 silly addNameRange     '0.7.1',
77 silly addNameRange     '0.8.0',
77 silly addNameRange     '0.8.1',
77 silly addNameRange     '0.8.2',
77 silly addNameRange     '0.8.3',
77 silly addNameRange     '0.8.4',
77 silly addNameRange     '0.8.5',
77 silly addNameRange     '0.8.6',
77 silly addNameRange     '0.9.0',
77 silly addNameRange     '0.9.1',
77 silly addNameRange     '0.9.2',
77 silly addNameRange     '0.10.0',
77 silly addNameRange     '1.0.0',
77 silly addNameRange     '1.0.1',
77 silly addNameRange     '1.0.2',
77 silly addNameRange     '1.0.3',
77 silly addNameRange     '1.1.0',
77 silly addNameRange     '1.1.1',
77 silly addNameRange     '1.1.2',
77 silly addNameRange     '1.2.0',
77 silly addNameRange     '1.2.1',
77 silly addNameRange     '1.2.2',
77 silly addNameRange     '1.2.3',
77 silly addNameRange     '1.2.4',
77 silly addNameRange     '1.2.5',
77 silly addNameRange     '1.2.6',
77 silly addNameRange     '1.2.7',
77 silly addNameRange     '1.2.8',
77 silly addNameRange     '1.3.0',
77 silly addNameRange     '1.3.1',
77 silly addNameRange     '1.3.2',
77 silly addNameRange     '1.3.3',
77 silly addNameRange     '1.3.4',
77 silly addNameRange     '1.3.5',
77 silly addNameRange     '1.3.6',
77 silly addNameRange     '1.3.7',
77 silly addNameRange     '1.3.8',
77 silly addNameRange     '1.3.9',
77 silly addNameRange     '1.3.10',
77 silly addNameRange     '1.3.11',
77 silly addNameRange     '1.3.12',
77 silly addNameRange     '1.4.0',
77 silly addNameRange     '1.4.1' ] ]
78 verbose addNamed [ 'bower', '1.4.1' ]
79 verbose addNamed [ '1.4.1', '1.4.1' ]
80 silly lockFile 185f46c0-bower-1-4-1 bower@1.4.1
81 verbose lock bower@1.4.1 /home/jerome/.npm/185f46c0-bower-1-4-1.lock
82 silly lockFile c75fe0d4- -@
83 silly lockFile c75fe0d4- -@
84 silly addNameRange number 2 { name: 'g', range: '*', hasData: true }
85 silly addNameRange versions [ 'g',
85 silly addNameRange   [ '1.0.0', '1.0.1', '1.0.2', '1.0.3', '1.0.4', '1.0.5', '2.0.0' ] ]
86 verbose addNamed [ 'g', '2.0.0' ]
87 verbose addNamed [ '2.0.0', '2.0.0' ]
88 silly lockFile 228a2625-g-2-0-0 g@2.0.0
89 verbose lock g@2.0.0 /home/jerome/.npm/228a2625-g-2-0-0.lock
90 silly lockFile 185f46c0-bower-1-4-1 bower@1.4.1
91 silly lockFile 185f46c0-bower-1-4-1 bower@1.4.1
92 silly lockFile 1240aab1-bower bower@
93 silly lockFile 1240aab1-bower bower@
94 silly lockFile 228a2625-g-2-0-0 g@2.0.0
95 silly lockFile 228a2625-g-2-0-0 g@2.0.0
96 silly lockFile 8b047e1f-g g@
97 silly lockFile 8b047e1f-g g@
98 error 404 Not Found
99 error System Linux 3.13.0-49-generic
100 error command "/usr/bin/node" "/usr/bin/npm" "install" "-" "g" "bower"
101 error cwd /home/jerome/app
102 error node -v v0.10.37
103 error npm -v 1.4.28
104 error code E404
105 verbose exit [ 1, true ]
